2024-05-30 20:02:14,576 - INFO - Parsing command line arguments...
2024-05-30 20:02:14,577 - INFO - Command line arguments parsed successfully.
2024-05-30 20:02:14,577 - INFO - Processing latest dates option...
2024-05-30 20:02:14,578 - INFO - Latest dates processed successfully.
2024-05-30 20:02:17,915 - INFO - Downloaded WEBPXTICK_DT_20240529.zip for date 2024-05-29 to downloads\2024-05-29\WEBPXTICK_DT_20240529.zip
2024-05-30 20:02:17,915 - INFO - Downloaded WEBPXTICK_DT_20240529.zip for date 2024-05-29 to downloads\2024-05-29\WEBPXTICK_DT_20240529.zip
2024-05-30 20:02:18,538 - INFO - Downloaded TickData_structure.dat for date 2024-05-29 to downloads\2024-05-29\TickData_structure.dat
2024-05-30 20:02:18,539 - INFO - Downloaded TickData_structure.dat for date 2024-05-29 to downloads\2024-05-29\TickData_structure.dat
2024-05-30 20:02:19,023 - INFO - Downloaded TC_20240529.txt for date 2024-05-29 to downloads\2024-05-29\TC_20240529.txt
2024-05-30 20:02:19,024 - INFO - Downloaded TC_20240529.txt for date 2024-05-29 to downloads\2024-05-29\TC_20240529.txt
2024-05-30 20:02:19,620 - INFO - Downloaded TC_structure.dat for date 2024-05-29 to downloads\2024-05-29\TC_structure.dat
2024-05-30 20:02:19,621 - INFO - Downloaded TC_structure.dat for date 2024-05-29 to downloads\2024-05-29\TC_structure.dat
2024-05-30 20:05:37,825 - INFO - Parsing command line arguments...
2024-05-30 20:05:37,827 - INFO - Command line arguments parsed successfully.
2024-05-30 20:05:37,828 - INFO - Processing latest dates option...
2024-05-30 20:05:37,828 - INFO - Latest dates processed successfully.
2024-05-30 20:05:39,890 - INFO - Downloaded WEBPXTICK_DT_20240529.zip for date 2024-05-29 to downloads\2024-05-29\WEBPXTICK_DT_20240529.zip
2024-05-30 20:05:39,890 - INFO - Downloaded WEBPXTICK_DT_20240529.zip for date 2024-05-29 to downloads\2024-05-29\WEBPXTICK_DT_20240529.zip
2024-05-30 20:05:40,550 - INFO - Downloaded TickData_structure.dat for date 2024-05-29 to downloads\2024-05-29\TickData_structure.dat
2024-05-30 20:05:40,550 - INFO - Downloaded TickData_structure.dat for date 2024-05-29 to downloads\2024-05-29\TickData_structure.dat
2024-05-30 20:05:41,053 - INFO - Downloaded TC_20240529.txt for date 2024-05-29 to downloads\2024-05-29\TC_20240529.txt
2024-05-30 20:05:41,053 - INFO - Downloaded TC_20240529.txt for date 2024-05-29 to downloads\2024-05-29\TC_20240529.txt
2024-05-30 20:05:41,653 - INFO - Downloaded TC_structure.dat for date 2024-05-29 to downloads\2024-05-29\TC_structure.dat
2024-05-30 20:05:41,654 - INFO - Downloaded TC_structure.dat for date 2024-05-29 to downloads\2024-05-29\TC_structure.dat
2024-05-30 20:07:15,058 - INFO - Downloaded WEBPXTICK_DT_20240529.zip for date 2024-05-29 to downloads\2024-05-29\WEBPXTICK_DT_20240529.zip
2024-05-30 20:07:15,846 - INFO - Downloaded TickData_structure.dat for date 2024-05-29 to downloads\2024-05-29\TickData_structure.dat
2024-05-30 20:07:16,348 - INFO - Downloaded TC_20240529.txt for date 2024-05-29 to downloads\2024-05-29\TC_20240529.txt
2024-05-30 20:07:16,938 - INFO - Downloaded TC_structure.dat for date 2024-05-29 to downloads\2024-05-29\TC_structure.dat
2024-05-30 20:08:20,711 - INFO - Downloaded WEBPXTICK_DT_20240529.zip for date 2024-05-29 to downloads\2024-05-29\WEBPXTICK_DT_20240529.zip
2024-05-30 20:08:21,319 - INFO - Downloaded TickData_structure.dat for date 2024-05-29 to downloads\2024-05-29\TickData_structure.dat
2024-05-30 20:08:21,819 - INFO - Downloaded TC_20240529.txt for date 2024-05-29 to downloads\2024-05-29\TC_20240529.txt
2024-05-30 20:08:22,389 - INFO - Downloaded TC_structure.dat for date 2024-05-29 to downloads\2024-05-29\TC_structure.dat
