2024-05-30 15:36:32,289 - ERROR - Invalid dates: Dates must be Tuesday through Saturday.
2024-05-30 15:40:20,784 - INFO - Parsing command line arguments...
2024-05-30 15:40:20,794 - INFO - Command line arguments parsed successfully.
2024-05-30 15:40:20,794 - INFO - Processing specific date/s option...
2024-05-30 15:40:20,798 - ERROR - Invalid dates: Dates must be Tuesday through Saturday.
2024-05-30 15:40:49,769 - INFO - Parsing command line arguments...
2024-05-30 15:40:49,778 - INFO - Command line arguments parsed successfully.
2024-05-30 15:40:49,779 - INFO - Processing specific date/s option...
2024-05-30 15:40:49,783 - INFO - Specific dates processed successfully.
2024-05-30 15:41:12,209 - INFO - Parsing command line arguments...
2024-05-30 15:41:12,219 - INFO - Command line arguments parsed successfully.
2024-05-30 15:41:12,220 - INFO - Processing specific date/s option...
2024-05-30 15:41:12,224 - INFO - Specific dates processed successfully.
2024-05-30 15:41:15,932 - INFO - Parsing command line arguments...
2024-05-30 15:41:15,941 - INFO - Command line arguments parsed successfully.
2024-05-30 15:41:15,942 - INFO - Processing specific date/s option...
2024-05-30 15:41:15,946 - ERROR - Invalid dates: Dates must be Tuesday through Saturday.
2024-05-30 15:44:58,471 - INFO - Parsing command line arguments...
2024-05-30 15:44:58,481 - INFO - Command line arguments parsed successfully.
2024-05-30 15:44:58,481 - INFO - Processing specific date/s option...
2024-05-30 15:44:58,485 - INFO - Specific dates processed successfully.
